cl : 명령줄 warning D9035: 'Gm' 옵션은 더 이상 사용되지 않으므로 이후 릴리스에서 제거될 예정입니다.
  instance_specific_extensions.cpp
  convenience_socket_bases.cpp
  tlm_global_quantum.cpp
  tlm_phase.cpp
C:\Users\sejung\Desktop\3학년 2학기\하드웨어소프트웨어통합설계\과제_HW,SW\기말\과제1\systemc-2.3.3\src\sysc\packages\boost\utility\string_view.hpp(1,1): warning C4819: 현재 코드 페이지(949)에서 표시할 수 없는 문자가 파일에 들어 있습니다. 데이터가 손실되지 않게 하려면 해당 파일을 유니코드 형식으로 저장하십시오.
  Unknown compiler version - please run the configure tests and report the results
  tlm_gp.cpp
  scfx_utils.cpp
  scfx_rep.cpp
  scfx_pow10.cpp
  scfx_mant.cpp
  sc_wif_trace.cpp
  sc_wait_cthread.cpp
  sc_wait.cpp
  sc_ver.cpp
  sc_vector.cpp
  sc_vcd_trace.cpp
C:\Users\sejung\Desktop\3학년 2학기\하드웨어소프트웨어통합설계\과제_HW,SW\기말\과제1\systemc-2.3.3\src\sysc\packages\boost\utility\string_view.hpp(1,1): warning C4819: 현재 코드 페이지(949)에서 표시할 수 없는 문자가 파일에 들어 있습니다. 데이터가 손실되지 않게 하려면 해당 파일을 유니코드 형식으로 저장하십시오.
  Unknown compiler version - please run the configure tests and report the results
  sc_value_base.cpp
  sc_utils_ids.cpp
  sc_unsigned.cpp
  sc_uint_base.cpp
  sc_trace_file_base.cpp
  코드를 생성하고 있습니다...
  컴파일하고 있습니다...
  sc_trace.cpp
  sc_time.cpp
  sc_thread_process.cpp
  sc_string.cpp
  sc_stop_here.cpp
  sc_spawn_options.cpp
  sc_simcontext.cpp
C:\Users\sejung\Desktop\3학년 2학기\하드웨어소프트웨어통합설계\과제_HW,SW\기말\과제1\systemc-2.3.3\src\sysc\packages\boost\utility\string_view.hpp(1,1): warning C4819: 현재 코드 페이지(949)에서 표시할 수 없는 문자가 파일에 들어 있습니다. 데이터가 손실되지 않게 하려면 해당 파일을 유니코드 형식으로 저장하십시오.
  Unknown compiler version - please run the configure tests and report the results
  sc_signed.cpp
  sc_signal_resolved_ports.cpp
  sc_signal_resolved.cpp
  sc_signal_ports.cpp
  sc_signal.cpp
  sc_sensitive.cpp
  sc_semaphore.cpp
  sc_reset.cpp
  sc_report_handler.cpp
  sc_report.cpp
  sc_process.cpp
  sc_prim_channel.cpp
  sc_pq.cpp
  코드를 생성하고 있습니다...
  컴파일하고 있습니다...
  sc_port.cpp
  sc_phase_callback_registry.cpp
  sc_object_manager.cpp
  sc_object.cpp
  sc_nbutils.cpp
  sc_nbexterns.cpp
  sc_name_gen.cpp
  sc_mutex.cpp
  sc_module_registry.cpp
  sc_module_name.cpp
  sc_module.cpp
  sc_method_process.cpp
  sc_mempool.cpp
  sc_lv_base.cpp
  sc_logic.cpp
  sc_list.cpp
  sc_length_param.cpp
  sc_join.cpp
  sc_interface.cpp
  sc_int_mask.cpp
  코드를 생성하고 있습니다...
  컴파일하고 있습니다...
  sc_int_base.cpp
  sc_hash.cpp
  sc_fxval_observer.cpp
  sc_fxval.cpp
  sc_fxtype_params.cpp
  sc_fxnum_observer.cpp
  sc_fxnum.cpp
  sc_fxdefs.cpp
  sc_fxcast_switch.cpp
  sc_export.cpp
  sc_except.cpp
  sc_event_queue.cpp
  sc_event_finder.cpp
  sc_event.cpp
  sc_cthread_process.cpp
  sc_cor_fiber.cpp
  sc_concatref.cpp
  sc_clock.cpp
  sc_bv_base.cpp
  sc_bit.cpp
  코드를 생성하고 있습니다...
  컴파일하고 있습니다...
  sc_attribute.cpp
  코드를 생성하고 있습니다...
  SystemC-core.vcxproj -> C:\Users\sejung\Desktop\3학년 2학기\하드웨어소프트웨어통합설계\과제_HW,SW\기말\과제1\systemc-2.3.3\msvc10\SystemC\Debug\SystemC-2.3.3.lib
